<<<<<<< HEAD
﻿Build started 10/23/2016 5:55:39 PM.
     1>Project "C:\Users\Joshua\Documents\GitHub\X Marks the Spot\Chili DirectX Framework\Chili DirectX Framework.vcxproj" on node 2 (Rebuild target(s)).
     1>C:\Program Files (x86)\MSBuild\Microsoft.Cpp\v4.0\V120\Microsoft.CppBuild.targets(388,5): warning MSB8028: The intermediate directory (Debug\) contains files shared from another project (Chili DirectX Framework.vcxproj).  This can lead to incorrect clean and rebuild behavior.
     1>ClCompile:
         C:\Program Files (x86)\Microsoft Visual Studio 12.0\VC\bin\CL.exe /c /ZI /nologo /W3 /WX- /Od /Oy- /D WIN32 /D _DEBUG /D _WINDOWS /D _UNICODE /D UNICODE /Gm /EHsc /RTC1 /MDd /GS /fp:precise /Zc:wchar_t /Zc:forScope /Fo"Debug\\" /Fd"Debug\vc120.pdb" /Gd /TP /analyze- /errorReport:prompt ..\Assets\D3DGraphics.cpp ..\Assets\Game.cpp ..\Assets\Keyboard.cpp ..\Assets\Mouse.cpp ..\Assets\Sound.cpp ..\Assets\Timer.cpp ..\Assets\Windows.cpp
         Windows.cpp
         Timer.cpp
         Sound.cpp
         Mouse.cpp
         Keyboard.cpp
         Game.cpp
     1>c:\users\joshua\documents\github\x marks the spot\assets\game.cpp(36): warning C4244: '=' : conversion from 'int' to 'float', possible loss of data
     1>c:\users\joshua\documents\github\x marks the spot\assets\game.cpp(37): warning C4244: '=' : conversion from 'int' to 'float', possible loss of data
     1>c:\users\joshua\documents\github\x marks the spot\assets\game.cpp(4462): warning C4244: 'argument' : conversion from 'float' to 'int', possible loss of data
         D3DGraphics.cpp
         Generating Code...
       Link:
         C:\Program Files (x86)\Microsoft Visual Studio 12.0\VC\bin\link.exe /ERRORREPORT:PROMPT /OUT:"C:\Users\Joshua\Documents\GitHub\X Marks the Spot\Debug\DirectX Framework.exe" /INCREMENTAL /NOLOGO dxerr.lib dxguid.lib d3dx9.lib d3dx10.lib d3d9.lib winmm.lib comctl32.lib kernel32.lib user32.lib gdi32.lib winspool.lib comdlg32.lib advapi32.lib shell32.lib ole32.lib oleaut32.lib uuid.lib odbc32.lib odbccp32.lib /MANIFEST /MANIFESTUAC:"level='asInvoker' uiAccess='false'" /manifest:embed /DEBUG /PDB:"C:\Users\Joshua\Documents\GitHub\X Marks the Spot\Debug\DirectX Framework.pdb" /SUBSYSTEM:WINDOWS /TLBID:1 /DYNAMICBASE /NXCOMPAT /IMPLIB:"C:\Users\Joshua\Documents\GitHub\X Marks the Spot\Debug\DirectX Framework.lib" /MACHINE:X86 Debug\D3DGraphics.obj
         Debug\Game.obj
         Debug\Keyboard.obj
         Debug\Mouse.obj
         Debug\Sound.obj
         Debug\Timer.obj
         Debug\Windows.obj
         ..\Assets\DirectXFramework.res
         Chili DirectX Framework.vcxproj -> C:\Users\Joshua\Documents\GitHub\X Marks the Spot\Debug\DirectX Framework.exe
     1>Done Building Project "C:\Users\Joshua\Documents\GitHub\X Marks the Spot\Chili DirectX Framework\Chili DirectX Framework.vcxproj" (Rebuild target(s)).

Build succeeded.

Time Elapsed 00:00:04.10
=======
﻿Build started 10/23/2016 5:55:39 PM.
     1>Project "C:\Users\Joshua\Documents\GitHub\X Marks the Spot\Chili DirectX Framework\Chili DirectX Framework.vcxproj" on node 2 (Rebuild target(s)).
     1>C:\Program Files (x86)\MSBuild\Microsoft.Cpp\v4.0\V120\Microsoft.CppBuild.targets(388,5): warning MSB8028: The intermediate directory (Debug\) contains files shared from another project (Chili DirectX Framework.vcxproj).  This can lead to incorrect clean and rebuild behavior.
     1>ClCompile:
         C:\Program Files (x86)\Microsoft Visual Studio 12.0\VC\bin\CL.exe /c /ZI /nologo /W3 /WX- /Od /Oy- /D WIN32 /D _DEBUG /D _WINDOWS /D _UNICODE /D UNICODE /Gm /EHsc /RTC1 /MDd /GS /fp:precise /Zc:wchar_t /Zc:forScope /Fo"Debug\\" /Fd"Debug\vc120.pdb" /Gd /TP /analyze- /errorReport:prompt ..\Assets\D3DGraphics.cpp ..\Assets\Game.cpp ..\Assets\Keyboard.cpp ..\Assets\Mouse.cpp ..\Assets\Sound.cpp ..\Assets\Timer.cpp ..\Assets\Windows.cpp
         Windows.cpp
         Timer.cpp
         Sound.cpp
         Mouse.cpp
         Keyboard.cpp
         Game.cpp
     1>c:\users\joshua\documents\github\x marks the spot\assets\game.cpp(36): warning C4244: '=' : conversion from 'int' to 'float', possible loss of data
     1>c:\users\joshua\documents\github\x marks the spot\assets\game.cpp(37): warning C4244: '=' : conversion from 'int' to 'float', possible loss of data
     1>c:\users\joshua\documents\github\x marks the spot\assets\game.cpp(4462): warning C4244: 'argument' : conversion from 'float' to 'int', possible loss of data
         D3DGraphics.cpp
         Generating Code...
       Link:
         C:\Program Files (x86)\Microsoft Visual Studio 12.0\VC\bin\link.exe /ERRORREPORT:PROMPT /OUT:"C:\Users\Joshua\Documents\GitHub\X Marks the Spot\Debug\DirectX Framework.exe" /INCREMENTAL /NOLOGO dxerr.lib dxguid.lib d3dx9.lib d3dx10.lib d3d9.lib winmm.lib comctl32.lib kernel32.lib user32.lib gdi32.lib winspool.lib comdlg32.lib advapi32.lib shell32.lib ole32.lib oleaut32.lib uuid.lib odbc32.lib odbccp32.lib /MANIFEST /MANIFESTUAC:"level='asInvoker' uiAccess='false'" /manifest:embed /DEBUG /PDB:"C:\Users\Joshua\Documents\GitHub\X Marks the Spot\Debug\DirectX Framework.pdb" /SUBSYSTEM:WINDOWS /TLBID:1 /DYNAMICBASE /NXCOMPAT /IMPLIB:"C:\Users\Joshua\Documents\GitHub\X Marks the Spot\Debug\DirectX Framework.lib" /MACHINE:X86 Debug\D3DGraphics.obj
         Debug\Game.obj
         Debug\Keyboard.obj
         Debug\Mouse.obj
         Debug\Sound.obj
         Debug\Timer.obj
         Debug\Windows.obj
         ..\Assets\DirectXFramework.res
         Chili DirectX Framework.vcxproj -> C:\Users\Joshua\Documents\GitHub\X Marks the Spot\Debug\DirectX Framework.exe
     1>Done Building Project "C:\Users\Joshua\Documents\GitHub\X Marks the Spot\Chili DirectX Framework\Chili DirectX Framework.vcxproj" (Rebuild target(s)).

Build succeeded.

Time Elapsed 00:00:04.10
>>>>>>> origin/master
