<<<<<<< HEAD
c:\users\joshua\desktop 2.0\custom1.75\chili directx framework v12.04.24 (sfx)\chili directx framework\debug\vc120.pdb
c:\users\joshua\desktop 2.0\custom1.75\chili directx framework v12.04.24 (sfx)\chili directx framework\debug\vc120.idb
c:\users\joshua\desktop 2.0\custom1.75\chili directx framework v12.04.24 (sfx)\chili directx framework\debug\d3dgraphics.obj
c:\users\joshua\desktop 2.0\custom1.75\chili directx framework v12.04.24 (sfx)\chili directx framework\debug\keyboard.obj
c:\users\joshua\desktop 2.0\custom1.75\chili directx framework v12.04.24 (sfx)\chili directx framework\debug\mouse.obj
c:\users\joshua\desktop 2.0\custom1.75\chili directx framework v12.04.24 (sfx)\chili directx framework\debug\sound.obj
c:\users\joshua\desktop 2.0\custom1.75\chili directx framework v12.04.24 (sfx)\chili directx framework\debug\timer.obj
c:\users\joshua\desktop 2.0\custom1.75\chili directx framework v12.04.24 (sfx)\chili directx framework\debug\windows.obj
c:\users\joshua\desktop 2.0\custom1.75\chili directx framework v12.04.24 (sfx)\chili directx framework\debug\game.obj
c:\users\joshua\desktop 2.0\custom1.75\chili directx framework v12.04.24 (sfx)\debug\chili directx framework.ilk
c:\users\joshua\desktop 2.0\custom1.75\chili directx framework v12.04.24 (sfx)\debug\chili directx framework.exe
c:\users\joshua\desktop 2.0\custom1.75\chili directx framework v12.04.24 (sfx)\debug\chili directx framework.pdb
c:\users\joshua\desktop 2.0\custom1.75\chili directx framework v12.04.24 (sfx)\chili directx framework\debug\chili di.9e5c3038.tlog\cl.command.1.tlog
c:\users\joshua\desktop 2.0\custom1.75\chili directx framework v12.04.24 (sfx)\chili directx framework\debug\chili di.9e5c3038.tlog\cl.read.1.tlog
c:\users\joshua\desktop 2.0\custom1.75\chili directx framework v12.04.24 (sfx)\chili directx framework\debug\chili di.9e5c3038.tlog\cl.write.1.tlog
c:\users\joshua\desktop 2.0\custom1.75\chili directx framework v12.04.24 (sfx)\chili directx framework\debug\chili di.9e5c3038.tlog\link.command.1.tlog
c:\users\joshua\desktop 2.0\custom1.75\chili directx framework v12.04.24 (sfx)\chili directx framework\debug\chili di.9e5c3038.tlog\link.read.1.tlog
c:\users\joshua\desktop 2.0\custom1.75\chili directx framework v12.04.24 (sfx)\chili directx framework\debug\chili di.9e5c3038.tlog\link.write.1.tlog
=======
c:\users\joshua\desktop 2.0\custom1.75\chili directx framework v12.04.24 (sfx)\chili directx framework\debug\vc120.pdb
c:\users\joshua\desktop 2.0\custom1.75\chili directx framework v12.04.24 (sfx)\chili directx framework\debug\vc120.idb
c:\users\joshua\desktop 2.0\custom1.75\chili directx framework v12.04.24 (sfx)\chili directx framework\debug\d3dgraphics.obj
c:\users\joshua\desktop 2.0\custom1.75\chili directx framework v12.04.24 (sfx)\chili directx framework\debug\keyboard.obj
c:\users\joshua\desktop 2.0\custom1.75\chili directx framework v12.04.24 (sfx)\chili directx framework\debug\mouse.obj
c:\users\joshua\desktop 2.0\custom1.75\chili directx framework v12.04.24 (sfx)\chili directx framework\debug\sound.obj
c:\users\joshua\desktop 2.0\custom1.75\chili directx framework v12.04.24 (sfx)\chili directx framework\debug\timer.obj
c:\users\joshua\desktop 2.0\custom1.75\chili directx framework v12.04.24 (sfx)\chili directx framework\debug\windows.obj
c:\users\joshua\desktop 2.0\custom1.75\chili directx framework v12.04.24 (sfx)\chili directx framework\debug\game.obj
c:\users\joshua\desktop 2.0\custom1.75\chili directx framework v12.04.24 (sfx)\debug\chili directx framework.ilk
c:\users\joshua\desktop 2.0\custom1.75\chili directx framework v12.04.24 (sfx)\debug\chili directx framework.exe
c:\users\joshua\desktop 2.0\custom1.75\chili directx framework v12.04.24 (sfx)\debug\chili directx framework.pdb
c:\users\joshua\desktop 2.0\custom1.75\chili directx framework v12.04.24 (sfx)\chili directx framework\debug\chili di.9e5c3038.tlog\cl.command.1.tlog
c:\users\joshua\desktop 2.0\custom1.75\chili directx framework v12.04.24 (sfx)\chili directx framework\debug\chili di.9e5c3038.tlog\cl.read.1.tlog
c:\users\joshua\desktop 2.0\custom1.75\chili directx framework v12.04.24 (sfx)\chili directx framework\debug\chili di.9e5c3038.tlog\cl.write.1.tlog
c:\users\joshua\desktop 2.0\custom1.75\chili directx framework v12.04.24 (sfx)\chili directx framework\debug\chili di.9e5c3038.tlog\link.command.1.tlog
c:\users\joshua\desktop 2.0\custom1.75\chili directx framework v12.04.24 (sfx)\chili directx framework\debug\chili di.9e5c3038.tlog\link.read.1.tlog
c:\users\joshua\desktop 2.0\custom1.75\chili directx framework v12.04.24 (sfx)\chili directx framework\debug\chili di.9e5c3038.tlog\link.write.1.tlog
>>>>>>> origin/master
